|SourceProjectName:Acme ERP Portal.hpr
|DestinationProjectName:index.htm
whhost.js
whmsg.js
whmozemu.js
whproxy.js
whstub.js
whutils.js
whver.js
whform.js
whphost.js
whstart.js
whtopic.js
whframes.js
whlang.js
XmlReadHelper.js
whskin_info.htm
whskin_blank.htm
whskin_pickup.htm
whskin_homepage.htm
whskin_tw.htm
whnjs.htm
whthost.js
whtdhtml.htm
whihost.js
whibody.htm
whiform.htm
whfhost.js
whfbody.htm
whfform.htm
whghost.js
whgbody.htm
whgdhtml.htm
whgdef.htm
whproj.js
whproj.xml
whproj.htm
whxdata\whtoc.xml
whxdata\whidx.xml
whxdata\whglo.xml
whdata\whtoc.js
whdata\whtoc.htm
whdata\whtdata.js
whdata\whidx.js
whdata\whidx.htm
whdata\whidata.js
whdata\whglo.js
whdata\whglo.htm
whdata\whgdata.js
resource\resource.xml
whbrs.xml
whres.xml
whgdata\whnvp30.htm
whgdata\whnvp31.htm
whgdata\whnvp32.htm
whgdata\whnvp33.htm
whgdata\whnvt30.htm
whgdata\whnvt31.htm
whgdata\whnvt32.htm
whgdata\whnvt33.htm
whgdata\whnvf30.htm
whgdata\whnvf31.htm
whgdata\whnvf32.htm
whgdata\whnvf33.htm
whgdata\whnvl31.htm
whgdata\whnvl32.htm
whgdata\whnvl33.htm
whgdata\whexpbar.gif
cshdat_webhelp.htm
whcsh_home.htm
whcshdata.htm
cshdat_robohelp.htm
wht_tab0.gif
wht_tab1.gif
wht_tab2.gif
wht_tab3.gif
wht_tab4.gif
wht_tab5.gif
wht_tab6.gif
wht_tab7.gif
wht_tab8.gif
wht_glo_h.gif
wht_glo_n.gif
wht_fts_h.gif
wht_fts_n.gif
wht_idx_h.gif
wht_idx_n.gif
wht_toc_h.gif
wht_toc_n.gif
wht_ws.gif
wht_ws_g.gif
wht_logo1.gif
wht_logo2.gif
wht_abgw.jpg
wht_abgi.jpg
wht_abge.jpg
wht_abtw.jpg
wht_abte.jpg
wht_abti.jpg
wht_spac.gif
wht_next.gif
wht_next_g.gif
wht_prev.gif
wht_prev_g.gif
wht_sync.gif
wht_hide.gif
wht_go.gif
whstart.ico
whestart.ico
whrstart.ico
whidhtml.htm
whfdhtml.htm
whskin_banner.htm
whtbar.js
whskin_pdhtml.htm
whskin_plist.htm
whskin_tbars.htm
whskin_mbars.htm
wht_toc4.gif
wht_toc1.gif
wht_toc2.gif
wht_toc3.gif
whskin_frmset010.htm
whst_topics.xml
whskin_frmset01.htm
index_hha.hhk
index.hhc
index.hhk
Getting_Started\Common_Operations.htm
Getting_Started\Introduction.htm
Getting_Started\Login.htm
Manage_Branch_Office\Branch_Office.htm
Manage_Data\Masters\Accounting_Period.htm
Manage_Data\Masters\Download_Masters.htm
Manage_Data\Masters\Introduction.htm
Manage_Data\Masters\Ledger.htm
Manage_Data\Masters\Ledger_Group.htm
Manage_Data\Masters\Legal_Entity.htm
Manage_Data\Masters\Project.htm
Manage_Data\Masters\Project_Category.htm
Manage_Data\Masters\View_FC_Purpose.htm
Manage_Data\Vouchers\Add_Amendment.htm
Manage_Data\Vouchers\Introduction.htm
Manage_Data\Vouchers\Upload_Voucher.htm
Manage_Data\Vouchers\View_Amendment_Notes.htm
Manage_Data\Vouchers\View_Vouchers.htm
Manage_Product\Download_Key.htm
Manage_Product\Download_Product.htm
Manage_Trouble_Tickets\Edit_Trouble_Ticket.htm
Manage_Trouble_Tickets\Post_Trouble_Ticket.htm
Manage_Trouble_Tickets\Reply_for_a_Trouble_Ticket.htm
Manage_Users\Activate_and_Deactivate_Users.htm
Manage_Users\Add_User.htm
Manage_Users\Add_User_Role.htm
Manage_Users\Change_Password.htm
Manage_Users\User_Rights.htm
Reports\Abstract\Customise_Abstract_Reports.htm
Reports\Abstract\Monthly-Payment.htm
Reports\Abstract\Monthly-Receipt.htm
Reports\Abstract\Monthly-Recepts_and_Payment.htm
Reports\Abstract\Multi-Payment.htm
Reports\Abstract\Multi-Receipt.htm
Reports\Abstract\Multi-Receipt_and_Payment.htm
Reports\Bank_Activities\Bank_Balance_Statement.htm
Reports\Bank_Activities\Customise_Bank_Activities_Reports.htm
Reports\Bank_Activities\Fixed_Deposit_Register.htm
Reports\Bank_Activities\Fixed_Deposit_Statement.htm
Reports\Books_of_Accounts\Bank_Daily_Balance.htm
Reports\Books_of_Accounts\Bank_Journal.htm
Reports\Books_of_Accounts\Cash_and_Bank_Book.htm
Reports\Books_of_Accounts\Cash_Daily_Balance.htm
Reports\Books_of_Accounts\Cash_Journal.htm
Reports\Books_of_Accounts\Customise_Book_of_Accounts_Reports.htm
Reports\Books_of_Accounts\Ledger.htm
Reports\Cost_Centre\Bank_Journal_.htm
Reports\Cost_Centre\Cash_and_Bank_Book.htm
Reports\Cost_Centre\Cash_Journal.htm
Reports\Cost_Centre\Customise_Cost_Centre.htm
Reports\Cost_Centre\Monthly-Payment.htm
Reports\Cost_Centre\Monthly-Receipt.htm
Reports\Cost_Centre\Monthly-Receipt_and_Payment.htm
Reports\Cost_Centre\Multi-Payment.htm
Reports\Cost_Centre\Multi-Receipt.htm
Reports\Cost_Centre\Multi-Receipt_and_Payment.htm
Reports\Cost_Centre\Receipt_and_Payments.htm
Reports\Final_Accounts\Balance_Sheet_.htm
Reports\Final_Accounts\Collective_Ledger_Report.htm
Reports\Final_Accounts\Communitywise_Income_and_Expense.htm
Reports\Final_Accounts\Customise_Final_Accounts_.htm
Reports\Final_Accounts\Income_and_Expenditure.htm
Reports\Final_Accounts\Receipts_and_Payments.htm
Reports\Final_Accounts\Trial_Balance.htm
Reports\Foreign_Contribution\Customise_Foreign_Contribution.htm
Reports\Foreign_Contribution\FC_Country.htm
Reports\Foreign_Contribution\FC_Purpose.htm
Reports\Foreign_Contribution\FC_Purpose_Donor_Individual.htm
Reports\Foreign_Contribution\FC_Purpose_Donor_Institutional.htm
Reports\Masters\Customise_Masters.htm
Reports\Masters\Head_Office_Ledgers.htm
View_Dashboard\View_Data_Status.htm
View_Dashboard\View_Projects.htm
index.glo
default.css
CCCashJournal.jpg
mail.jpg
branch_office_admin_home.jpg
income_and_expenditure_customise.jpg
receipts_and_payments_customise.jpg
cost_centre_abstract_receipts_customise.jpg
fc_country_customise.jpg
multi_abstract_receipt_and_payments_customise.jpg
branch_office_login.png
upload_voucher_page.jpg
vouchers_view_head_office.jpg
project_view.jpg
projects_available_in_head_office.jpg
user_view_branch_office.jpg
grey_edit.jpg
fixed_deposit_statement_customise.jpg
collective_ledger_report_customise.jpg
Cash_Journal_report.jpg
cost_centre_multi_abstract_receipt_and_payment_report.jpg
TT_View.jpg
drill_down_main_page.jpg
save_export.jpg
refresh.png
cash_daily_balance_customise.jpg
cost_centre_abstract_receipts.jpg
multi_abstract_receipt_and_payments.jpg
data_status_head_office.jpg
collective_ledger_report.jpg
head_office_ledgers_customise.jpg
cost_centre_abstract_receipt_and_payments_cutomise.jpg
cost_centre_multi_abstract_payment_customise.jpg
cost_centre_bank_journal_report.jpg
fc_purpose_customise.jpg
Balancesheet.jpg
project_category_view.jpg
communitywise_income_and_expenses_report.jpg
head_office_ledgers.jpg
cost_centre_bank_journal_customise.jpg
multi_abstract_receipts_customise.jpg
previous_copy.jpg
delete_user.png
branch_office_view.jpg
data_status_branch_office.jpg
User_view_portal.jpg
communitywise__income_and_expense_customise.jpg
customize_reports.jpg
ammendments_view_branch_office.jpg
deactivate.png
User_role_view.jpg
income_and_expenditure_report.jpg
cash_daily_balance_report.jpg
bank_daily_balance_customise.jpg
cost_centre_abstract_multi_absrtact_receipt.jpg
cost_centre_abstract_receipts_and_payments_report.jpg
cost_centre_cash_and_bank_book_report.jpg
multi_abstract_receipts.jpg
monthly_abstract_payment_customize.jpg
ccMultipayment.jpg
export_file_type.jpg
view.jpg
save_file.jpg
ledger_report.jpg
ledger_customise.jpg
cost_centre_receipts_and_payments_customise.jpg
cost_cente_multi_abstract_receipt_and_payment_customise.jpg
cost_centre_abstract_payment.jpg
vouchers_view.jpg
vouchers_view_branch_office.jpg
balance_sheet_customise.jpg
bank_daily_balance_report.jpg
cash_and_bank_book.jpg
FC_Insistutional.jpg
modify_ticket.jpg
ledger_view.jpg
legal_entity_view.jpg
reply_ticket.jpg
Projects_available_in_branch_office.jpg
activate.png
user_view_head_office.jpg
bank_balance_statement_customise.jpg
cost_centre_receipts_and_payments_report.jpg
muli_abstract_payment_customise.jpg
download_masters_icon.jpg
edit_user.png
trial_balance_customise.jpg
fc_purpose_donor_institutional_customise.jpg
Monthly_abstract_customise.jpg
fc_country_report.jpg
amendment_notes_dialog.jpg
FC_purpose_view.jpg
download_masters_head_office_user.jpg
user_rights_portal_admin.jpg
User_rights_head_office_admin.jpg
bank_journal_customise.jpg
multi_abstract_payment.jpg
monthly_abstract_receips_and_payment_customize.jpg
acme_erp_licensce_downlaod.jpg
edit_ticket.jpg
fixed_deposit_register.jpg
fixed_deposit_register_customise.jpg
receipts_and_payments.jpg
cash_and_bank_book_customise.jpg
next_copy.jpg
home_copy.jpg
FC_Individual.jpg
fc_purpose_report.jpg
Change_password.jpg
bank_balance_statement.jpg
cash_journal_customize.jpg
cost_centre_cash_journal_customise.jpg
monthly_abstract_receipts_and_payments.jpg
download_masters_branch_office_user.jpg
excel_export.jpg
Amendments_view.jpg
User_add_portal.jpg
bank_journal_report.jpg
tips.jpg
note.jpg
Download_key_head_office_admin.jpg
reply_ticket_dialog.jpg
fixed_deposit_statement.jpg
reset_password.png
amendment_notes_icon.jpg
ledger_group_view.jpg
User_role_add.jpg
trial_balance.jpg
cost_centre_multi_abstract_receipt_customise.jpg
cost_centre_absbract_payment_customise.jpg
fc_purpose_donor_individual_customise.jpg
post_ticket.jpg
user_rights_Branch_admin.jpg
cost_centre_cash_and_bank_book_customise.jpg
monthly_abstract_receipts.jpg
monthly_abstract_payment.jpg
ehlpdhtm.js
SearchOptions.xml
RoboHHRE.lng
index.ppf
ss_btn_see_also.gif
whxdata\package_0.xml
whxdata\package_1.xml
whxdata\package_2.xml
whxdata\package_3.xml
whxdata\package_4.xml
whxdata\package_5.xml
whxdata\package_6.xml
whxdata\packageindex.xml
whxdata\synonym.xml
whxdata\topictable_0.xml
whxdata\topictable_1.xml
whxdata\topictableindex.xml
whxdata\whfts.xml
whxdata\whtdata0.xml
whxdata\whgdata0.xml
whdata\whtdata0.htm
whdata\whgdata0.htm
whgdata\whlstt0.htm
whgdata\whlstt1.htm
whgdata\whlstt2.htm
whgdata\whlstt3.htm
whgdata\whlstt4.htm
whgdata\whlstt5.htm
whgdata\whlstt6.htm
whgdata\whlstt7.htm
whgdata\whlstt8.htm
whgdata\whlstt9.htm
whgdata\whlstt10.htm
whgdata\whlstt11.htm
whgdata\whlstt12.htm
whgdata\whlstt13.htm
whgdata\whlstt14.htm
whgdata\whlstt15.htm
whgdata\whlstt16.htm
whgdata\whlstt17.htm
whgdata\whlsti0.htm
whgdata\whlstfl0.htm
whgdata\whlstfl1.htm
whgdata\whlstfl2.htm
whgdata\whlstfl3.htm
whgdata\whlstfl4.htm
whgdata\whlstfl5.htm
whgdata\whlstfl6.htm
whgdata\whlstfl7.htm
whgdata\whlstfl8.htm
whgdata\whlstfl9.htm
whgdata\whlstfl10.htm
whgdata\whlstfl11.htm
whgdata\whlstfl12.htm
whgdata\whlstfl13.htm
whgdata\whlstfl14.htm
whgdata\whlstfl15.htm
whgdata\whlstfl16.htm
whgdata\whlstfl17.htm
whgdata\whlstfl18.htm
whgdata\whlstfl19.htm
whgdata\whlstfl20.htm
whgdata\whlstfl21.htm
whgdata\whlstf0.htm
whgdata\whlstf1.htm
whgdata\whlstf2.htm
whgdata\whlstf3.htm
whgdata\whlstf4.htm
whgdata\whlstf5.htm
whgdata\whlstf6.htm
whgdata\whlstf7.htm
whgdata\whlstf8.htm
whgdata\whlstf9.htm
whgdata\whlstg0.htm
index.htm
index_csh.htm
index_rhc.htm
